app/build/intermediates/manifest_merge_blame_file/debug/manifest-merger-blame-debug-report.txt
1<?xml version="1.0" encoding="utf-8"?>
2<manifest xmlns:android="http://schemas.android.com/apk/res/android"
3    package="com.example.socialloginapp"
4    android:versionCode="1"
5    android:versionName="1.0" >
6
7    <uses-sdk
8        android:minSdkVersion="19"
8-->src\main\AndroidManifest.xml
9        android:targetSdkVersion="29" />
9-->src\main\AndroidManifest.xml
10
11    <uses-permission android:name="android.permission.INTERNET" />
11-->src\main\AndroidManifest.xml:42:5-67
11-->src\main\AndroidManifest.xml:42:22-64
12    <uses-permission android:name="com.google.android.finsky.permission.BIND_GET_INSTALL_REFERRER_SERVICE" />
12-->[com.android.installreferrer:installreferrer:1.0] AndroidManifest.xml:9:5-110
12-->[com.android.installreferrer:installreferrer:1.0] AndroidManifest.xml:9:22-107
13
14    <application
14-->src\main\AndroidManifest.xml:5:5-40:19
15        android:allowBackup="true"
15-->src\main\AndroidManifest.xml:6:9-35
16        android:appComponentFactory="androidx.core.app.CoreComponentFactory"
16-->[androidx.core:core:1.3.1] AndroidManifest.xml:24:18-86
17        android:debuggable="true"
18        android:icon="@mipmap/ic_launcher"
18-->src\main\AndroidManifest.xml:7:9-43
19        android:label="@string/app_name"
19-->src\main\AndroidManifest.xml:8:9-41
20        android:roundIcon="@mipmap/ic_launcher_round"
20-->src\main\AndroidManifest.xml:9:9-54
21        android:supportsRtl="true"
21-->src\main\AndroidManifest.xml:10:9-35
22        android:testOnly="true"
23        android:theme="@style/AppTheme" >
23-->src\main\AndroidManifest.xml:11:9-40
24        <activity android:name="com.example.socialloginapp.ProfileActivity" />
24-->src\main\AndroidManifest.xml:12:9-62
24-->src\main\AndroidManifest.xml:12:19-50
25        <activity android:name="com.example.socialloginapp.MainActivity" >
25-->src\main\AndroidManifest.xml:13:9-19:20
25-->src\main\AndroidManifest.xml:13:19-47
26            <intent-filter>
26-->src\main\AndroidManifest.xml:14:13-18:29
27                <action android:name="android.intent.action.MAIN" />
27-->src\main\AndroidManifest.xml:15:17-69
27-->src\main\AndroidManifest.xml:15:25-66
28
29                <category android:name="android.intent.category.LAUNCHER" />
29-->src\main\AndroidManifest.xml:17:17-77
29-->src\main\AndroidManifest.xml:17:27-74
30            </intent-filter>
31        </activity>
32        <activity
32-->src\main\AndroidManifest.xml:20:9-23:48
33            android:name="com.facebook.FacebookActivity"
33-->src\main\AndroidManifest.xml:21:13-57
34            android:configChanges="keyboard|keyboardHidden|screenLayout|screenSize|orientation"
34-->src\main\AndroidManifest.xml:22:13-96
35            android:label="@string/app_name"
35-->src\main\AndroidManifest.xml:23:13-45
36            android:theme="@style/com_facebook_activity_theme" />
36-->[com.facebook.android:facebook-common:5.15.3] AndroidManifest.xml:33:13-63
37        <activity
37-->src\main\AndroidManifest.xml:24:9-35:20
38            android:name="com.facebook.CustomTabActivity"
38-->src\main\AndroidManifest.xml:25:13-58
39            android:exported="true" >
39-->src\main\AndroidManifest.xml:26:13-36
40            <intent-filter>
40-->src\main\AndroidManifest.xml:27:13-34:29
41                <action android:name="android.intent.action.VIEW" />
41-->src\main\AndroidManifest.xml:28:17-69
41-->src\main\AndroidManifest.xml:28:25-66
42
43                <category android:name="android.intent.category.DEFAULT" />
43-->src\main\AndroidManifest.xml:30:17-76
43-->src\main\AndroidManifest.xml:30:27-73
44                <category android:name="android.intent.category.BROWSABLE" />
44-->src\main\AndroidManifest.xml:31:17-78
44-->src\main\AndroidManifest.xml:31:27-75
45
46                <data android:scheme="@string/fb_login_protocol_scheme" />
46-->src\main\AndroidManifest.xml:33:17-75
46-->src\main\AndroidManifest.xml:33:23-72
47            </intent-filter>
48            <intent-filter>
48-->[com.facebook.android:facebook-common:5.15.3] AndroidManifest.xml:39:13-48:29
49                <action android:name="android.intent.action.VIEW" />
49-->src\main\AndroidManifest.xml:28:17-69
49-->src\main\AndroidManifest.xml:28:25-66
50
51                <category android:name="android.intent.category.DEFAULT" />
51-->src\main\AndroidManifest.xml:30:17-76
51-->src\main\AndroidManifest.xml:30:27-73
52                <category android:name="android.intent.category.BROWSABLE" />
52-->src\main\AndroidManifest.xml:31:17-78
52-->src\main\AndroidManifest.xml:31:27-75
53
54                <data
54-->src\main\AndroidManifest.xml:33:17-75
55                    android:host="cct.com.example.socialloginapp"
56                    android:scheme="fbconnect" />
56-->src\main\AndroidManifest.xml:33:23-72
57            </intent-filter>
58        </activity>
59
60        <meta-data
60-->src\main\AndroidManifest.xml:37:9-39:55
61            android:name="com.facebook.sdk.ApplicationId"
61-->src\main\AndroidManifest.xml:38:13-58
62            android:value="@string/facebook_app_id" />
62-->src\main\AndroidManifest.xml:39:13-52
63
64        <activity android:name="com.facebook.CustomTabMainActivity" />
64-->[com.facebook.android:facebook-common:5.15.3] AndroidManifest.xml:34:9-71
64-->[com.facebook.android:facebook-common:5.15.3] AndroidManifest.xml:34:19-68
65        <activity
65-->[com.google.firebase:firebase-auth:16.0.5] AndroidManifest.xml:24:9-31:50
66            android:name="com.google.firebase.auth.internal.FederatedSignInActivity"
66-->[com.google.firebase:firebase-auth:16.0.5] AndroidManifest.xml:25:13-85
67            android:excludeFromRecents="true"
67-->[com.google.firebase:firebase-auth:16.0.5] AndroidManifest.xml:26:13-46
68            android:exported="true"
68-->[com.google.firebase:firebase-auth:16.0.5] AndroidManifest.xml:27:13-36
69            android:launchMode="singleTask"
69-->[com.google.firebase:firebase-auth:16.0.5] AndroidManifest.xml:28:13-44
70            android:permission="com.google.firebase.auth.api.gms.permission.LAUNCH_FEDERATED_SIGN_IN"
70-->[com.google.firebase:firebase-auth:16.0.5] AndroidManifest.xml:29:13-102
71            android:theme="@android:style/Theme.Translucent.NoTitleBar" />
71-->[com.google.firebase:firebase-auth:16.0.5] AndroidManifest.xml:30:13-72
72
73        <service
73-->[com.google.firebase:firebase-auth:16.0.5] AndroidManifest.xml:33:9-39:19
74            android:name="com.google.firebase.components.ComponentDiscoveryService"
74-->[com.google.firebase:firebase-auth:16.0.5] AndroidManifest.xml:34:13-84
75            android:exported="false" >
75-->[com.google.firebase:firebase-auth:16.0.5] AndroidManifest.xml:35:13-37
76            <meta-data
76-->[com.google.firebase:firebase-auth:16.0.5] AndroidManifest.xml:36:13-38:85
77                android:name="com.google.firebase.components:com.google.firebase.auth.FirebaseAuthRegistrar"
77-->[com.google.firebase:firebase-auth:16.0.5] AndroidManifest.xml:37:17-109
78                android:value="com.google.firebase.components.ComponentRegistrar" />
78-->[com.google.firebase:firebase-auth:16.0.5] AndroidManifest.xml:38:17-82
79        </service>
80
81        <activity
81-->[com.google.android.gms:play-services-auth:18.1.0] AndroidManifest.xml:23:9-27:75
82            android:name="com.google.android.gms.auth.api.signin.internal.SignInHubActivity"
82-->[com.google.android.gms:play-services-auth:18.1.0] AndroidManifest.xml:24:13-93
83            android:excludeFromRecents="true"
83-->[com.google.android.gms:play-services-auth:18.1.0] AndroidManifest.xml:25:13-46
84            android:exported="false"
84-->[com.google.android.gms:play-services-auth:18.1.0] AndroidManifest.xml:26:13-37
85            android:theme="@android:style/Theme.Translucent.NoTitleBar" />
85-->[com.google.android.gms:play-services-auth:18.1.0] AndroidManifest.xml:27:13-72
86        <!--
87            Service handling Google Sign-In user revocation. For apps that do not integrate with
88            Google Sign-In, this service will never be started.
89        -->
90        <service
90-->[com.google.android.gms:play-services-auth:18.1.0] AndroidManifest.xml:33:9-37:51
91            android:name="com.google.android.gms.auth.api.signin.RevocationBoundService"
91-->[com.google.android.gms:play-services-auth:18.1.0] AndroidManifest.xml:34:13-89
92            android:exported="true"
92-->[com.google.android.gms:play-services-auth:18.1.0] AndroidManifest.xml:35:13-36
93            android:permission="com.google.android.gms.auth.api.signin.permission.REVOCATION_NOTIFICATION"
93-->[com.google.android.gms:play-services-auth:18.1.0] AndroidManifest.xml:36:13-107
94            android:visibleToInstantApps="true" />
94-->[com.google.android.gms:play-services-auth:18.1.0] AndroidManifest.xml:37:13-48
95
96        <activity
96-->[com.google.android.gms:play-services-base:17.1.0] AndroidManifest.xml:23:9-26:75
97            android:name="com.google.android.gms.common.api.GoogleApiActivity"
97-->[com.google.android.gms:play-services-base:17.1.0] AndroidManifest.xml:24:13-79
98            android:exported="false"
98-->[com.google.android.gms:play-services-base:17.1.0] AndroidManifest.xml:25:13-37
99            android:theme="@android:style/Theme.Translucent.NoTitleBar" />
99-->[com.google.android.gms:play-services-base:17.1.0] AndroidManifest.xml:26:13-72
100
101        <provider
101-->[com.google.firebase:firebase-common:16.0.3] AndroidManifest.xml:10:9-14:39
102            android:name="com.google.firebase.provider.FirebaseInitProvider"
102-->[com.google.firebase:firebase-common:16.0.3] AndroidManifest.xml:11:13-77
103            android:authorities="com.example.socialloginapp.firebaseinitprovider"
103-->[com.google.firebase:firebase-common:16.0.3] AndroidManifest.xml:12:13-72
104            android:exported="false"
104-->[com.google.firebase:firebase-common:16.0.3] AndroidManifest.xml:13:13-37
105            android:initOrder="100" />
105-->[com.google.firebase:firebase-common:16.0.3] AndroidManifest.xml:14:13-36
106
107        <meta-data
107-->[com.google.android.gms:play-services-basement:17.1.1] AndroidManifest.xml:23:9-25:69
108            android:name="com.google.android.gms.version"
108-->[com.google.android.gms:play-services-basement:17.1.1] AndroidManifest.xml:24:13-58
109            android:value="@integer/google_play_services_version" />
109-->[com.google.android.gms:play-services-basement:17.1.1] AndroidManifest.xml:25:13-66
110        <!--
111         The initialization ContentProvider will call FacebookSdk.sdkInitialize automatically
112         with the application context. This config is merged in with the host app's manifest,
113         but there can only be one provider with the same authority activated at any given
114         point; so if the end user has two or more different apps that use Facebook SDK, only the
115         first one will be able to use the provider. To work around this problem, we use the
116         following placeholder in the authority to identify each host application as if it was
117         a completely different provider.
118        -->
119        <provider
119-->[com.facebook.android:facebook-core:5.15.3] AndroidManifest.xml:39:9-42:40
120            android:name="com.facebook.internal.FacebookInitProvider"
120-->[com.facebook.android:facebook-core:5.15.3] AndroidManifest.xml:40:13-70
121            android:authorities="com.example.socialloginapp.FacebookInitProvider"
121-->[com.facebook.android:facebook-core:5.15.3] AndroidManifest.xml:41:13-72
122            android:exported="false" />
122-->[com.facebook.android:facebook-core:5.15.3] AndroidManifest.xml:42:13-37
123
124        <receiver
124-->[com.facebook.android:facebook-core:5.15.3] AndroidManifest.xml:44:9-50:20
125            android:name="com.facebook.CurrentAccessTokenExpirationBroadcastReceiver"
125-->[com.facebook.android:facebook-core:5.15.3] AndroidManifest.xml:45:13-86
126            android:exported="false" >
126-->[com.facebook.android:facebook-core:5.15.3] AndroidManifest.xml:46:13-37
127            <intent-filter>
127-->[com.facebook.android:facebook-core:5.15.3] AndroidManifest.xml:47:13-49:29
128                <action android:name="com.facebook.sdk.ACTION_CURRENT_ACCESS_TOKEN_CHANGED" />
128-->[com.facebook.android:facebook-core:5.15.3] AndroidManifest.xml:48:17-95
128-->[com.facebook.android:facebook-core:5.15.3] AndroidManifest.xml:48:25-92
129            </intent-filter>
130        </receiver>
131    </application>
132
133</manifest>